11:03:30 **** Incremental Build of configuration Debug for project start ****
Info: Internal Builder is used for build
g++ "-IC:\\SFML-2.4.2\\include" -O0 -g3 -Wall -c -fmessage-length=0 -o main.o "..\\main.cpp" 
..\main.cpp: In constructor 'Quadrado::Quadrado()':
..\main.cpp:25:11: warning: narrowing conversion of '((Quadrado*)this)->Quadrado::lado' from 'int' to 'float' inside { } [-Wnarrowing]
    tam = {lado, lado};
           ^~~~
..\main.cpp:25:17: warning: narrowing conversion of '((Quadrado*)this)->Quadrado::lado' from 'int' to 'float' inside { } [-Wnarrowing]
    tam = {lado, lado};
                 ^~~~
..\main.cpp: In constructor 'Linha::Linha(int, int, int, int)':
..\main.cpp:77:23: warning: narrowing conversion of 'altura' from 'int' to 'float' inside { } [-Wnarrowing]
   tam={altura, largura};
                       ^
..\main.cpp:77:23: warning: narrowing conversion of 'largura' from 'int' to 'float' inside { } [-Wnarrowing]
..\main.cpp: In member function 'void Janela::eventos()':
..\main.cpp:270:18: warning: comparison between signed and unsigned integer expressions [-Wsign-compare]
    for(int i=0; i<linhasHorizontais.size(); i++){
                 ~^~~~~~~~~~~~~~~~~~~~~~~~~
..\main.cpp:283:18: warning: comparison between signed and unsigned integer expressions [-Wsign-compare]
    for(int i=0; i<linhasVerticais.size(); i++){
                 ~^~~~~~~~~~~~~~~~~~~~~~~
..\main.cpp: In member function 'void Janela::desenhar()':
..\main.cpp:301:21: warning: comparison between signed and unsigned integer expressions [-Wsign-compare]
   for (int i = 0; i < quadrados.size(); i++) {
                   ~~^~~~~~~~~~~~~~~~~~
..\main.cpp:304:21: warning: comparison between signed and unsigned integer expressions [-Wsign-compare]
   for (int i = 0; i < linhasHorizontais.size(); i++) {
                   ~~^~~~~~~~~~~~~~~~~~~~~~~~~~
..\main.cpp:307:21: warning: comparison between signed and unsigned integer expressions [-Wsign-compare]
   for (int i = 0; i < linhasVerticais.size(); i++) {
                   ~~^~~~~~~~~~~~~~~~~~~~~~~~
..\main.cpp:310:21: warning: comparison between signed and unsigned integer expressions [-Wsign-compare]
   for (int i = 0; i < bolas.size(); i++) {
                   ~~^~~~~~~~~~~~~~
..\main.cpp: In member function 'void Janela::setaPosicaoVectorQuadrado()':
..\main.cpp:323:20: warning: comparison between signed and unsigned integer expressions [-Wsign-compare]
  for (int i = 0; i < quadrados.size(); i++) {
                  ~~^~~~~~~~~~~~~~~~~~
..\main.cpp: In member function 'void Janela::setaPosicaoVectorLinhaHorizontal()':
..\main.cpp:348:21: warning: comparison between signed and unsigned integer expressions [-Wsign-compare]
   for (int i = 0; i < linhasHorizontais.size(); i++) {
                   ~~^~~~~~~~~~~~~~~~~~~~~~~~~~
..\main.cpp: In member function 'void Janela::setaPosicaoVectorVertical()':
..\main.cpp:374:21: warning: comparison between signed and unsigned integer expressions [-Wsign-compare]
   for (int i = 0; i < linhasVerticais.size(); i++) {
                   ~~^~~~~~~~~~~~~~~~~~~~~~~~
..\main.cpp: In member function 'void Janela::setaPosicaoVectorBola()':
..\main.cpp:399:21: warning: comparison between signed and unsigned integer expressions [-Wsign-compare]
   for (int i = 0; i < bolas.size(); i++) {
                   ~~^~~~~~~~~~~~~~
..\main.cpp: In member function 'void Janela::jogoBot()':
..\main.cpp:425:20: warning: comparison between signed and unsigned integer expressions [-Wsign-compare]
   if(linhaEscolhida<linhasHorizontais.size()){
      ~~~~~~~~~~~~~~^~~~~~~~~~~~~~~~~~~~~~~~~
..\main.cpp:431:26: warning: comparison between signed and unsigned integer expressions [-Wsign-compare]
   }else if(linhaEscolhida>=linhasHorizontais.size()){
            ~~~~~~~~~~~~~~^~~~~~~~~~~~~~~~~~~~~~~~~~
..\main.cpp: In member function 'bool Janela::fecharQuadrado(char)':
..\main.cpp:446:21: warning: comparison between signed and unsigned integer expressions [-Wsign-compare]
   for (int i = 0; i < quadrados.size(); i++) {
                   ~~^~~~~~~~~~~~~~~~~~
g++ "-LC:\\SFML-2.4.2\\lib" -o start.exe main.o -lsfml-graphics -lsfml-audio -lsfml-window -lsfml-system 

11:03:32 Build Finished. 0 errors, 17 warnings. (took 1s.587ms)

